\BOOKMARK [0][-]{chapter*.2}{}{}% 1
\BOOKMARK [0][-]{chapter.1}{\376\377\004\041\004\070\004\101\004\102\004\065\004\074\004\060\000\040\004\062\004\121\004\100\004\101\004\102\004\072\004\070\000\040\000L\000a\000T\000e\000X\000\040\004\070\000\040\004\065\004\121\000\040\004\077\004\100\004\070\004\074\004\065\004\075\004\065\004\075\004\070\004\065}{}% 2
\BOOKMARK [1][-]{section.1.1}{\376\377\004\022\004\062\004\065\004\064\004\065\004\075\004\070\004\065\000\040\004\062\000\040\000L\000a\000T\000e\000X}{chapter.1}% 3
\BOOKMARK [1][-]{section.1.2}{\376\377\004\043\004\101\004\102\004\060\004\075\004\076\004\062\004\072\004\060\000\040\000W\000S\000L\000\040\004\070\000\040\000L\000a\000T\000e\000X\000\040\004\075\004\060\000\040\000W\000i\000n\000d\000o\000w\000s}{chapter.1}% 4
\BOOKMARK [1][-]{section.1.3}{\376\377\004\021\004\060\004\067\004\076\004\062\004\113\004\071\000\040\004\101\004\070\004\075\004\102\004\060\004\072\004\101\004\070\004\101\000\040\000L\000a\000T\000e\000X}{chapter.1}% 5
\BOOKMARK [1][-]{section.1.4}{\376\377\004\022\004\113\004\062\004\076\004\064\004\113\000\040\004\070\000\040\004\060\004\072\004\102\004\103\004\060\004\073\004\114\004\075\004\076\004\101\004\102\004\114\000\040\004\070\004\101\004\077\004\076\004\073\004\114\004\067\004\076\004\062\004\060\004\075\004\070\004\117\000\040\000L\000a\000T\000e\000X}{chapter.1}% 6
\BOOKMARK [0][-]{chapter.2}{\376\377\004\030\004\067\004\103\004\107\004\065\004\075\004\070\004\065\000\040\000G\000i\000t\000\040\004\070\000\040\004\100\004\060\004\061\004\076\004\102\004\113\000\040\004\101\000\040\004\062\004\065\004\102\004\072\004\060\004\074\004\070\000\040\004\075\004\060\000\040\004\077\004\073\004\060\004\102\004\104\004\076\004\100\004\074\004\065\000\040\000L\000e\000a\000r\000n\000G\000i\000t\000B\000r\000a\000n\000c\000h\000i\000n\000g}{}% 7
\BOOKMARK [1][-]{section.2.1}{\376\377\004\022\004\062\004\065\004\064\004\065\004\075\004\070\004\065}{chapter.2}% 8
\BOOKMARK [1][-]{section.2.2}{\376\377\004\043\004\100\004\076\004\072\000\040\0001\000.\000\040\004\032\004\076\004\074\004\074\004\070\004\102\004\113\000\040\004\062\000\040\000G\000i\000t}{chapter.2}% 9
\BOOKMARK [1][-]{section.2.3}{\376\377\004\043\004\100\004\076\004\072\000\040\0002\000.\000\040\004\022\004\065\004\102\004\062\004\073\004\065\004\075\004\070\004\065\000\040\004\062\000\040\000G\000i\000t}{chapter.2}% 10
\BOOKMARK [1][-]{section.2.4}{\376\377\004\043\004\100\004\076\004\072\000\040\0003\000.\000\040\004\022\004\065\004\102\004\072\004\070\000\040\004\070\000\040\004\101\004\073\004\070\004\117\004\075\004\070\004\117}{chapter.2}% 11
\BOOKMARK [1][-]{section.2.5}{\376\377\004\043\004\100\004\076\004\072\000\040\0004\000.\000\040\000G\000i\000t\000\040\000R\000e\000b\000a\000s\000e}{chapter.2}% 12
\BOOKMARK [1][-]{section.2.6}{\376\377\004\043\004\100\004\076\004\072\000\040\0005\000.\000\040\004\037\004\100\004\076\004\063\004\103\004\073\004\072\004\060\000\040\004\077\004\076\000\040\000G\000i\000t\000\040\004\070\000\040\004\103\004\072\004\060\004\067\004\060\004\102\004\065\004\073\004\114\000\040\000H\000E\000A\000D}{chapter.2}% 13
\BOOKMARK [1][-]{section.2.7}{\376\377\004\043\004\100\004\076\004\072\000\040\0006\000.\000\040\004\036\004\102\004\075\004\076\004\101\004\070\004\102\004\065\004\073\004\114\004\075\004\113\004\065\000\040\004\101\004\101\004\113\004\073\004\072\004\070\000\040\004\062\000\040\000G\000i\000t}{chapter.2}% 14
\BOOKMARK [1][-]{section.2.8}{\376\377\004\043\004\100\004\076\004\072\000\040\0007\000.\000\040\004\036\004\077\004\065\004\100\004\060\004\102\004\076\004\100\000\040\002\334\000\040\004\070\000\040\004\077\004\065\004\100\004\065\004\074\004\065\004\111\004\065\004\075\004\070\004\065\000\040\004\062\004\065\004\102\004\072\004\070\000\040\000\050\000b\000r\000a\000n\000c\000h\000\040\000f\000o\000r\000c\000i\000n\000g\000\051}{chapter.2}% 15
\BOOKMARK [1][-]{section.2.9}{\376\377\004\043\004\100\004\076\004\072\000\040\0008\000.\000\040\004\036\004\102\004\074\004\065\004\075\004\060\000\040\004\070\004\067\004\074\004\065\004\075\004\065\004\075\004\070\004\071\000\040\004\062\000\040\000G\000i\000t}{chapter.2}% 16
\BOOKMARK [1][-]{section.2.10}{\376\377\004\043\004\100\004\076\004\072\000\040\0009\000.\000\040\000G\000i\000t\000\040\000C\000h\000e\000r\000r\000y\000-\000p\000i\000c\000k}{chapter.2}% 17
\BOOKMARK [1][-]{section.2.11}{\376\377\004\043\004\100\004\076\004\072\000\040\0001\0000\000.\000\040\000G\000i\000t\000\040\000I\000n\000t\000e\000r\000a\000c\000t\000i\000v\000e\000\040\000R\000e\000b\000a\000s\000e}{chapter.2}% 18
\BOOKMARK [1][-]{section.2.12}{\376\377\004\043\004\100\004\076\004\072\000\040\0001\0001\000.\000\040\004\022\004\113\004\061\004\076\004\100\004\076\004\107\004\075\004\076\004\065\000\040\004\070\004\067\004\062\004\073\004\065\004\107\004\065\004\075\004\070\004\065\000\040\004\075\004\103\004\066\004\075\004\076\004\063\004\076\000\040\004\072\004\076\004\074\004\074\004\070\004\102\004\060}{chapter.2}% 19
\BOOKMARK [1][-]{section.2.13}{\376\377\004\043\004\100\004\076\004\072\000\040\0001\0002\000.\000\040\004\026\004\076\004\075\004\063\004\073\004\070\004\100\004\103\004\065\004\074\000\040\004\072\004\076\004\074\004\074\004\070\004\102\004\060\004\074\004\070}{chapter.2}% 20
\BOOKMARK [1][-]{section.2.14}{\376\377\004\043\004\100\004\076\004\072\000\040\0001\0003\000.\000\040\004\026\004\076\004\075\004\063\004\073\004\070\004\100\004\103\004\065\004\074\000\040\004\072\004\076\004\074\004\074\004\070\004\102\004\060\004\074\004\070\000\040\041\026\0002\000\040\000\050\004\107\004\065\004\100\004\065\004\067\000\040\000c\000h\000e\000r\000r\000y\000-\000p\000i\000c\000k\000\051}{chapter.2}% 21
\BOOKMARK [1][-]{section.2.15}{\376\377\004\043\004\100\004\076\004\072\000\040\0001\0004\000.\000\040\004\042\004\065\004\063\004\070\000\040\004\062\000\040\000G\000i\000t}{chapter.2}% 22
\BOOKMARK [1][-]{section.2.16}{\376\377\004\043\004\100\004\076\004\072\000\040\0001\0005\000.\000\040\004\032\004\076\004\074\004\060\004\075\004\064\004\060\000\040\000g\000i\000t\000\040\000d\000e\000s\000c\000r\000i\000b\000e}{chapter.2}% 23
\BOOKMARK [1][-]{section.2.17}{\376\377\004\043\004\100\004\076\004\072\000\040\0001\0006\000.\000\040\000R\000e\000b\000a\000s\000e\000\040\004\075\004\060\000\040\004\075\004\065\004\101\004\072\004\076\004\073\004\114\004\072\004\070\004\105\000\040\004\062\004\065\004\102\004\072\004\060\004\105}{chapter.2}% 24
\BOOKMARK [1][-]{section.2.18}{\376\377\004\043\004\100\004\076\004\072\000\040\0001\0007\000.\000\040\004\036\004\077\004\100\004\065\004\064\004\065\004\073\004\065\004\075\004\070\004\065\000\040\004\100\004\076\004\064\004\070\004\102\004\065\004\073\004\065\004\071\000\040\004\072\004\076\004\074\004\074\004\070\004\102\004\060}{chapter.2}% 25
\BOOKMARK [1][-]{section.2.19}{\376\377\004\043\004\100\004\076\004\072\000\040\0001\0008\000.\000\040\004\041\004\077\004\103\004\102\004\060\004\075\004\075\004\113\004\065\000\040\004\062\004\065\004\102\004\072\004\070}{chapter.2}% 26
\BOOKMARK [1][-]{section.2.20}{\376\377\004\043\004\100\004\076\004\072\000\040\0001\0009\000.\000\040\004\043\004\064\004\060\004\073\004\121\004\075\004\075\004\113\004\065\000\040\004\100\004\065\004\077\004\076\004\067\004\070\004\102\004\076\004\100\004\070\004\070\000\040\004\062\000\040\000G\000i\000t}{chapter.2}% 27
\BOOKMARK [1][-]{section.2.21}{\376\377\004\043\004\100\004\076\004\072\000\040\0002\0000\000.\000\040\004\043\004\064\004\060\004\073\004\121\004\075\004\075\004\113\004\065\000\040\004\062\004\065\004\102\004\072\004\070\000\040\004\062\000\040\000G\000i\000t}{chapter.2}% 28
\BOOKMARK [1][-]{section.2.22}{\376\377\004\043\004\100\004\076\004\072\000\040\0002\0001\000.\000\040\000G\000i\000t\000\040\000F\000e\000t\000c\000h}{chapter.2}% 29
\BOOKMARK [1][-]{section.2.23}{\376\377\004\043\004\100\004\076\004\072\000\040\0002\0002\000.\000\040\000G\000i\000t\000\040\000P\000u\000l\000l}{chapter.2}% 30
\BOOKMARK [1][-]{section.2.24}{\376\377\004\043\004\100\004\076\004\072\000\040\0002\0003\000.\000\040\004\041\004\070\004\074\004\103\004\073\004\117\004\106\004\070\004\117\000\040\004\101\004\076\004\062\004\074\004\065\004\101\004\102\004\075\004\076\004\071\000\040\004\100\004\060\004\061\004\076\004\102\004\113}{chapter.2}% 31
\BOOKMARK [1][-]{section.2.25}{\376\377\004\043\004\100\004\076\004\072\000\040\0002\0004\000.\000\040\000G\000i\000t\000\040\000P\000u\000s\000h}{chapter.2}% 32
\BOOKMARK [1][-]{section.2.26}{\376\377\004\043\004\100\004\076\004\072\000\040\0002\0005\000.\000\040\004\032\004\076\004\063\004\064\004\060\000\040\004\075\004\060\004\100\004\060\004\061\004\076\004\102\004\072\004\070\000\040\004\100\004\060\004\101\004\105\004\076\004\064\004\117\004\102\004\101\004\117}{chapter.2}% 33
\BOOKMARK [1][-]{section.2.27}{\376\377\004\043\004\100\004\076\004\072\000:\000\040\000R\000e\000m\000o\000t\000e\000\040\000R\000e\000j\000e\000c\000t\000e\000d\000!}{chapter.2}% 34
\BOOKMARK [1][-]{section.2.28}{\376\377\004\022\004\113\004\062\004\076\004\064\004\113\000\040\004\064\004\073\004\117\000\040\004\063\004\073\004\060\004\062\004\113\000\040\0002}{chapter.2}% 35
\BOOKMARK [0][-]{chapter.3}{\376\377\004\037\004\100\004\060\004\072\004\102\004\070\004\107\004\065\004\101\004\072\004\076\004\065\000\040\004\077\004\076\004\063\004\100\004\103\004\066\004\065\004\075\004\070\004\065\000\040\004\062\000\040\000G\000i\000t\000:\000\040\000G\000i\000t\000\040\000I\000m\000m\000e\000r\000s\000i\000o\000n}{}% 36
\BOOKMARK [1][-]{section.3.1}{\376\377\000L\000a\000b\000\040\0001\000:\000\040\004\035\004\060\004\101\004\102\004\100\004\076\004\071\004\072\004\060\000\040\000G\000i\000t\000\040\004\070\000\040\000R\000u\000b\000y}{chapter.3}% 37
